c:\users\ahf\documents\github\heatsim\x64\debug\parameter.obj
c:\users\ahf\documents\github\heatsim\x64\debug\heatdatamodel.obj
c:\users\ahf\documents\github\heatsim\x64\debug\heatviewmodel.obj
c:\users\ahf\documents\github\heatsim\x64\debug\myheader.obj
c:\users\ahf\documents\github\heatsim\x64\debug\qtguiclass.obj
c:\users\ahf\documents\github\heatsim\x64\debug\qrc_mainwindow.obj
c:\users\ahf\documents\github\heatsim\x64\debug\workboard.obj
c:\users\ahf\documents\github\heatsim\x64\debug\calccommand.obj
c:\users\ahf\documents\github\heatsim\x64\debug\heatviewmodelsink.obj
c:\users\ahf\documents\github\heatsim\x64\debug\moc_qtguiclass.obj
c:\users\ahf\documents\github\heatsim\x64\debug\mainwindowcommandsink.obj
c:\users\ahf\documents\github\heatsim\generatedfiles\ui_qtguiclass.h
c:\users\ahf\documents\github\heatsim\generatedfiles\ui_mainwindow.h
c:\users\ahf\documents\github\heatsim\generatedfiles\qrc_mainwindow.cpp
c:\users\ahf\documents\github\heatsim\generatedfiles\debug\moc_qtguiclass.cpp
c:\users\ahf\documents\github\heatsim\generatedfiles\debug\moc_mainwindow.cpp
c:\users\ahf\documents\github\heatsim\generatedfiles\debug\moc_heatview.cpp
c:\users\ahf\documents\github\heatsim\atliface_p.c
c:\users\ahf\documents\github\heatsim\atliface_i.c
c:\users\ahf\documents\github\heatsim\atliface_h.h
c:\users\ahf\documents\github\heatsim\.\generatedfiles\debug\moc_qtguiclass.cpp
c:\users\ahf\documents\github\heatsim\.\generatedfiles\debug\moc_mainwindow.cpp
c:\users\ahf\documents\github\heatsim\.\generatedfiles\debug\moc_heatview.cpp
c:\users\ahf\documents\github\heatsim\.\generatedfiles\qrc_mainwindow.cpp
c:\users\ahf\documents\github\heatsim\.\generatedfiles\ui_qtguiclass.h
c:\users\ahf\documents\github\heatsim\.\generatedfiles\ui_mainwindow.h
c:\users\ahf\documents\github\heatsim\x64\debug\vc141.pdb
c:\users\ahf\documents\github\heatsim\x64\debug\heatsim.tlog\cl.command.1.tlog
c:\users\ahf\documents\github\heatsim\x64\debug\heatsim.tlog\cl.read.1.tlog
c:\users\ahf\documents\github\heatsim\x64\debug\heatsim.tlog\cl.write.1.tlog
c:\users\ahf\documents\github\heatsim\x64\debug\heatsim.tlog\custombuild.command.1.tlog
c:\users\ahf\documents\github\heatsim\x64\debug\heatsim.tlog\custombuild.read.1.tlog
c:\users\ahf\documents\github\heatsim\x64\debug\heatsim.tlog\custombuild.write.1.tlog
c:\users\ahf\documents\github\heatsim\x64\debug\heatsim.tlog\heatsim.write.1u.tlog
c:\users\ahf\documents\github\heatsim\x64\debug\heatsim.tlog\midl.command.1.tlog
c:\users\ahf\documents\github\heatsim\x64\debug\heatsim.tlog\midl.read.1.tlog
c:\users\ahf\documents\github\heatsim\x64\debug\heatsim.tlog\midl.write.1.tlog
c:\users\ahf\documents\github\heatsim\x64\debug\heatsim.tlog\moc.read.1u.tlog
c:\users\ahf\documents\github\heatsim\x64\debug\heatsim.tlog\moc.write.1u.tlog
c:\users\ahf\documents\github\heatsim\x64\debug\heatsim.tlog\rcc.read.1u.tlog
c:\users\ahf\documents\github\heatsim\x64\debug\heatsim.tlog\rcc.write.1u.tlog
c:\users\ahf\documents\github\heatsim\x64\debug\heatsim.tlog\uic.read.1u.tlog
c:\users\ahf\documents\github\heatsim\x64\debug\heatsim.tlog\uic.write.1u.tlog
