  Uic'ing view\QtGuiClass.ui...
  Uic'ing window\MainWindow.ui...
  Rcc'ing window\MainWindow.qrc...
  Moc'ing view\QtGuiClass.h...
  Moc'ing window\MainWindow.h...
   RCC: Warning: No resources in 'C:\Users\ahf\Documents\GitHub\HeatSim\window\MainWindow.qrc'.
  Moc'ing view\heatview.h...
C:\Program Files (x86)\Microsoft Visual Studio\2017\Community\Common7\IDE\VC\VCTargets\Microsoft.CppBuild.targets(944,5): warning MSB8027: 名为 qrc_MainWindow.cpp 的两个或更多文件将生成到同一位置的输出。这会导致错误的生成结果。   调用的文件是 GeneratedFiles\qrc_MainWindow.cpp, GeneratedFiles\qrc_MainWindow.cpp。
  moc_MainWindow.cpp
  moc_QtGuiClass.cpp
  moc_heatview.cpp
  qrc_MainWindow.cpp
  app.cpp
  main.cpp
  QtGuiClass.cpp
  MainWindow.cpp
  mainwindowpropertysink.cpp
  LINK : 没有找到 C:\Users\ahf\Documents\GitHub\HeatSim\x64\Debug\\HeatSim.exe 或上一个增量链接没有生成它；正在执行完全链接
x64\Debug\qrc_MainWindow.obj : warning LNK4042: 对象被多次指定；已忽略多余的指定
  HeatSim.vcxproj -> C:\Users\ahf\Documents\GitHub\HeatSim\x64\Debug\HeatSim.exe
